<?xml version="1.0" encoding="UTF-8"?>
<!-- Generated by org.testng.reporters.JUnitReportReporter -->
<testsuite skipped="0" hostname="QuangLe" name="Android_Test_Kodak.android.kodak.testcases.checklist.TM_002_Login" tests="1" failures="0" timestamp="30 Jan 2019 09:56:21 GMT" time="100.162" errors="0">
  <testcase name="loginWithNotActiveUser" time="100.162" classname="Android_Test_Kodak.android.kodak.testcases.checklist.TM_002_Login"/>
</testsuite> <!-- Android_Test_Kodak.android.kodak.testcases.checklist.TM_002_Login -->
